<?xml version="1.0" encoding="UTF-8"?>
<!-- Generated by org.testng.reporters.JUnitReportReporter -->
<testsuite skipped="0" hostname="DESKTOP-K1LJIP1" name="India.TestPOM.NewTest" tests="1" failures="0" timestamp="29 Jan 2019 16:32:05 GMT" time="38.121" errors="0">
  <testcase name="f" time="38.121" classname="India.TestPOM.NewTest"/>
</testsuite> <!-- India.TestPOM.NewTest -->
