<?xml version="1.0" encoding="UTF-8"?>
<!-- Generated by org.testng.reporters.JUnitReportReporter -->
<testsuite skipped="0" hostname="DESKTOP-K1LJIP1" name="India.TestPOM.NewTest" tests="1" failures="0" timestamp="26 Jan 2019 12:39:26 GMT" time="25.596" errors="0">
  <testcase name="f" time="25.596" classname="India.TestPOM.NewTest"/>
</testsuite> <!-- India.TestPOM.NewTest -->
